<?xml version="1.0" encoding="UTF-8"?>
<!-- Generated by org.testng.reporters.JUnitReportReporter -->
<testsuite hostname="LAPTOP-E4QM1CCI" failures="0" tests="1" name="testng.A" time="0.011" errors="0" timestamp="24 Mar 2022 00:22:05 GMT" skipped="0">
  <testcase classname="testng.A" name="test1" time="0.011"/>
</testsuite> <!-- testng.A -->
